<?xml version="1.0" encoding="UTF-8"?>
<!-- Generated by org.testng.reporters.JUnitReportReporter -->
<testsuite skipped="0" hostname="SLBLR-LT-225" name="com.qa.page.learningcurve.TestPracticeTwo" tests="4" failures="0" timestamp="2020-02-24T18:11:27 IST" time="25.636" errors="0">
  <testcase name="driverInstanceClose" time="6.738" classname="com.qa.page.learningcurve.TestPracticeTwo"/>
  <testcase name="getPageSource" time="5.396" classname="com.qa.page.learningcurve.TestPracticeTwo"/>
  <testcase name="getTitle" time="6.292" classname="com.qa.page.learningcurve.TestPracticeTwo"/>
  <testcase name="BrowserClose" time="7.210" classname="com.qa.page.learningcurve.TestPracticeTwo"/>
</testsuite> <!-- com.qa.page.learningcurve.TestPracticeTwo -->
