<?xml version="1.0" encoding="UTF-8"?>
<!-- Generated by org.testng.reporters.JUnitReportReporter -->
<testsuite hostname="SLBLR-LT-225" name="com.qa.testpage.GoogleHomePageTest" tests="4" failures="0" timestamp="22 Jan 2020 09:37:24 GMT" time="31.084" errors="0">
  <testcase name="logoCaptureUrl" time="7.657" classname="com.qa.testpage.GoogleHomePageTest"/>
  <testcase name="searchresult" time="9.384" classname="com.qa.testpage.GoogleHomePageTest"/>
  <testcase name="clickOnEmailLink" time="7.077" classname="com.qa.testpage.GoogleHomePageTest"/>
  <testcase name="GetTilePage" time="6.966" classname="com.qa.testpage.GoogleHomePageTest"/>
</testsuite> <!-- com.qa.testpage.GoogleHomePageTest -->
