<?xml version="1.0" encoding="UTF-8"?>
<!-- Generated by org.testng.reporters.JUnitReportReporter -->
<testsuite skipped="0" hostname="SLBLR-LT-225" name="com.test.ExceptionTimeOutIssue" tests="1" failures="0" timestamp="2020-01-17T16:18:25 IST" time="0.017" errors="0">
  <testcase name="Infinite" time="0.017" classname="com.test.ExceptionTimeOutIssue"/>
</testsuite> <!-- com.test.ExceptionTimeOutIssue -->
