<?xml version="1.0" encoding="UTF-8"?>
<!-- Generated by org.testng.reporters.JUnitReportReporter -->
<testsuite skipped="0" hostname="SLBLR-LT-225" name="com.test.TestNgBasics" tests="4" failures="0" timestamp="2020-01-17T15:59:07 IST" time="0.029" errors="0">
  <testcase name="ApplicationLandingForm" time="0.013" classname="com.test.TestNgBasics"/>
  <testcase name="TestValidation" time="0.004" classname="com.test.TestNgBasics"/>
  <testcase name="FieldTestValidation" time="0.003" classname="com.test.TestNgBasics"/>
  <testcase name="LogoutWebApp" time="0.009" classname="com.test.TestNgBasics"/>
</testsuite> <!-- com.test.TestNgBasics -->
