<?xml version="1.0" encoding="UTF-8"?>
<!-- Generated by org.testng.reporters.JUnitReportReporter -->
<testsuite skipped="0" hostname="SLBLR-LT-225" name="com.test.GoogleSearchTest" tests="4" failures="0" timestamp="2020-01-17T16:28:02 IST" time="30.209" errors="0">
  <testcase name="SearchKeyword" time="7.558" classname="com.test.GoogleSearchTest"/>
  <testcase name="Boolean" time="7.539" classname="com.test.GoogleSearchTest"/>
  <testcase name="String" time="7.837" classname="com.test.GoogleSearchTest"/>
  <testcase name="String1" time="7.275" classname="com.test.GoogleSearchTest"/>
</testsuite> <!-- com.test.GoogleSearchTest -->
